0 info it worked if it ends with ok
1 verbose cli [ '/usr/local/bin/node', '/usr/local/bin/npm', 'install' ]
2 info using npm@2.15.1
3 info using node@v4.4.3
4 verbose readDependencies loading dependencies from /Users/lerin/Documents/Edicom/Edi/ejemMYSQL/package.json
5 warn package.json hala-app@1.0.0 No description
6 warn package.json hala-app@1.0.0 No repository field.
7 warn package.json hala-app@1.0.0 No README data
8 verbose install where, deps [ '/Users/lerin/Documents/Edicom/Edi/ejemMYSQL',
8 verbose install   [ 'bootstrap', 'dirPagination', 'jquery', 'mysql', 'q' ] ]
9 verbose install where, peers [ '/Users/lerin/Documents/Edicom/Edi/ejemMYSQL', [] ]
10 verbose installManyTop reading for lifecycle /Users/lerin/Documents/Edicom/Edi/ejemMYSQL/package.json
11 info preinstall hala-app@1.0.0
12 verbose installManyTop reading scoped package data from /Users/lerin/Documents/Edicom/Edi/ejemMYSQL/node_modules/mysql/package.json
13 verbose installManyTop reading scoped package data from /Users/lerin/Documents/Edicom/Edi/ejemMYSQL/node_modules/q/package.json
14 info package.json q@1.4.1 license should be a valid SPDX license expression
15 verbose readDependencies loading dependencies from /Users/lerin/Documents/Edicom/Edi/ejemMYSQL/package.json
16 verbose targetResolver reading package data from /Users/lerin/Documents/Edicom/Edi/ejemMYSQL/node_modules/mysql/package.json
17 verbose targetResolver reading package data from /Users/lerin/Documents/Edicom/Edi/ejemMYSQL/node_modules/q/package.json
18 verbose already installed skipping mysql@^2.10.2 /Users/lerin/Documents/Edicom/Edi/ejemMYSQL
19 verbose already installed skipping q@^1.4.1 /Users/lerin/Documents/Edicom/Edi/ejemMYSQL
20 silly cache add args [ 'bootstrap@^3.0', null ]
21 verbose cache add spec bootstrap@^3.0
22 silly cache add parsed spec Result {
22 silly cache add   raw: 'bootstrap@^3.0',
22 silly cache add   scope: null,
22 silly cache add   name: 'bootstrap',
22 silly cache add   rawSpec: '^3.0',
22 silly cache add   spec: '>=3.0.0 <4.0.0',
22 silly cache add   type: 'range' }
23 silly addNamed bootstrap@>=3.0.0 <4.0.0
24 verbose addNamed ">=3.0.0 <4.0.0" is a valid semver range for bootstrap
25 silly addNameRange { name: 'bootstrap', range: '>=3.0.0 <4.0.0', hasData: false }
26 silly mapToRegistry name bootstrap
27 silly mapToRegistry using default registry
28 silly mapToRegistry registry https://registry.npmjs.org/
29 silly mapToRegistry data Result {
29 silly mapToRegistry   raw: 'bootstrap',
29 silly mapToRegistry   scope: null,
29 silly mapToRegistry   name: 'bootstrap',
29 silly mapToRegistry   rawSpec: '',
29 silly mapToRegistry   spec: 'latest',
29 silly mapToRegistry   type: 'tag' }
30 silly mapToRegistry uri https://registry.npmjs.org/bootstrap
31 verbose addNameRange registry:https://registry.npmjs.org/bootstrap not in flight; fetching
32 silly cache add args [ 'dirPagination@^0.1', null ]
33 verbose cache add spec dirPagination@^0.1
34 silly cache add parsed spec Result {
34 silly cache add   raw: 'dirPagination@^0.1',
34 silly cache add   scope: null,
34 silly cache add   name: 'dirPagination',
34 silly cache add   rawSpec: '^0.1',
34 silly cache add   spec: '>=0.1.0 <0.2.0',
34 silly cache add   type: 'range' }
35 silly addNamed dirPagination@>=0.1.0 <0.2.0
36 verbose addNamed ">=0.1.0 <0.2.0" is a valid semver range for dirPagination
37 silly addNameRange { name: 'dirPagination',
37 silly addNameRange   range: '>=0.1.0 <0.2.0',
37 silly addNameRange   hasData: false }
38 silly mapToRegistry name dirPagination
39 silly mapToRegistry using default registry
40 silly mapToRegistry registry https://registry.npmjs.org/
41 silly mapToRegistry data Result {
41 silly mapToRegistry   raw: 'dirPagination',
41 silly mapToRegistry   scope: null,
41 silly mapToRegistry   name: 'dirPagination',
41 silly mapToRegistry   rawSpec: '',
41 silly mapToRegistry   spec: 'latest',
41 silly mapToRegistry   type: 'tag' }
42 silly mapToRegistry uri https://registry.npmjs.org/dirPagination
43 verbose addNameRange registry:https://registry.npmjs.org/dirPagination not in flight; fetching
44 silly cache add args [ 'jquery@^1.0', null ]
45 verbose cache add spec jquery@^1.0
46 silly cache add parsed spec Result {
46 silly cache add   raw: 'jquery@^1.0',
46 silly cache add   scope: null,
46 silly cache add   name: 'jquery',
46 silly cache add   rawSpec: '^1.0',
46 silly cache add   spec: '>=1.0.0 <2.0.0',
46 silly cache add   type: 'range' }
47 silly addNamed jquery@>=1.0.0 <2.0.0
48 verbose addNamed ">=1.0.0 <2.0.0" is a valid semver range for jquery
49 silly addNameRange { name: 'jquery', range: '>=1.0.0 <2.0.0', hasData: false }
50 silly mapToRegistry name jquery
51 silly mapToRegistry using default registry
52 silly mapToRegistry registry https://registry.npmjs.org/
53 silly mapToRegistry data Result {
53 silly mapToRegistry   raw: 'jquery',
53 silly mapToRegistry   scope: null,
53 silly mapToRegistry   name: 'jquery',
53 silly mapToRegistry   rawSpec: '',
53 silly mapToRegistry   spec: 'latest',
53 silly mapToRegistry   type: 'tag' }
54 silly mapToRegistry uri https://registry.npmjs.org/jquery
55 verbose addNameRange registry:https://registry.npmjs.org/jquery not in flight; fetching
56 verbose request uri https://registry.npmjs.org/dirPagination
57 verbose request no auth needed
58 info attempt registry request try #1 at 10:38:10 AM
59 verbose request id 24f5acf1c8080b5c
60 http request GET https://registry.npmjs.org/dirPagination
61 verbose request uri https://registry.npmjs.org/bootstrap
62 verbose request no auth needed
63 info attempt registry request try #1 at 10:38:10 AM
64 verbose etag "1E2DVBWC9480V3S47NF70O19I"
65 http request GET https://registry.npmjs.org/bootstrap
66 verbose request uri https://registry.npmjs.org/jquery
67 verbose request no auth needed
68 info attempt registry request try #1 at 10:38:10 AM
69 verbose etag "CD8RLHD76A3931XZZWX8D8SD0"
70 http request GET https://registry.npmjs.org/jquery
71 http 304 https://registry.npmjs.org/bootstrap
72 verbose headers { date: 'Mon, 09 May 2016 08:38:11 GMT',
72 verbose headers   via: '1.1 varnish',
72 verbose headers   'cache-control': 'max-age=300',
72 verbose headers   etag: '"1E2DVBWC9480V3S47NF70O19I"',
72 verbose headers   age: '255',
72 verbose headers   connection: 'keep-alive',
72 verbose headers   'x-served-by': 'cache-ams4136-AMS',
72 verbose headers   'x-cache': 'HIT',
72 verbose headers   'x-cache-hits': '1',
72 verbose headers   'x-timer': 'S1462783091.224028,VS0,VE0',
72 verbose headers   vary: 'Accept-Encoding' }
73 silly get cb [ 304,
73 silly get   { date: 'Mon, 09 May 2016 08:38:11 GMT',
73 silly get     via: '1.1 varnish',
73 silly get     'cache-control': 'max-age=300',
73 silly get     etag: '"1E2DVBWC9480V3S47NF70O19I"',
73 silly get     age: '255',
73 silly get     connection: 'keep-alive',
73 silly get     'x-served-by': 'cache-ams4136-AMS',
73 silly get     'x-cache': 'HIT',
73 silly get     'x-cache-hits': '1',
73 silly get     'x-timer': 'S1462783091.224028,VS0,VE0',
73 silly get     vary: 'Accept-Encoding' } ]
74 verbose etag https://registry.npmjs.org/bootstrap from cache
75 verbose get saving bootstrap to /Users/lerin/.npm/registry.npmjs.org/bootstrap/.cache.json
76 verbose correctMkdir /Users/lerin/.npm correctMkdir not in flight; initializing
77 http 304 https://registry.npmjs.org/jquery
78 verbose headers { date: 'Mon, 09 May 2016 08:38:11 GMT',
78 verbose headers   via: '1.1 varnish',
78 verbose headers   'cache-control': 'max-age=300',
78 verbose headers   etag: '"CD8RLHD76A3931XZZWX8D8SD0"',
78 verbose headers   age: '300',
78 verbose headers   connection: 'keep-alive',
78 verbose headers   'x-served-by': 'cache-ams4138-AMS',
78 verbose headers   'x-cache': 'HIT',
78 verbose headers   'x-cache-hits': '6',
78 verbose headers   'x-timer': 'S1462783091.225654,VS0,VE0',
78 verbose headers   vary: 'Accept-Encoding' }
79 silly get cb [ 304,
79 silly get   { date: 'Mon, 09 May 2016 08:38:11 GMT',
79 silly get     via: '1.1 varnish',
79 silly get     'cache-control': 'max-age=300',
79 silly get     etag: '"CD8RLHD76A3931XZZWX8D8SD0"',
79 silly get     age: '300',
79 silly get     connection: 'keep-alive',
79 silly get     'x-served-by': 'cache-ams4138-AMS',
79 silly get     'x-cache': 'HIT',
79 silly get     'x-cache-hits': '6',
79 silly get     'x-timer': 'S1462783091.225654,VS0,VE0',
79 silly get     vary: 'Accept-Encoding' } ]
80 verbose etag https://registry.npmjs.org/jquery from cache
81 verbose get saving jquery to /Users/lerin/.npm/registry.npmjs.org/jquery/.cache.json
82 verbose correctMkdir /Users/lerin/.npm correctMkdir already in flight; waiting
83 silly addNameRange number 2 { name: 'bootstrap', range: '>=3.0.0 <4.0.0', hasData: true }
84 silly addNameRange versions [ 'bootstrap',
84 silly addNameRange   [ '0.0.1',
84 silly addNameRange     '0.0.2',
84 silly addNameRange     '3.1.1',
84 silly addNameRange     '3.2.0',
84 silly addNameRange     '3.3.0',
84 silly addNameRange     '3.3.1',
84 silly addNameRange     '3.3.2',
84 silly addNameRange     '3.3.4',
84 silly addNameRange     '3.3.5',
84 silly addNameRange     '3.3.6',
84 silly addNameRange     '4.0.0-alpha.2' ] ]
85 silly addNamed bootstrap@3.3.6
86 verbose addNamed "3.3.6" is a plain semver version for bootstrap
87 silly addNameRange number 2 { name: 'jquery', range: '>=1.0.0 <2.0.0', hasData: true }
88 silly addNameRange versions [ 'jquery',
88 silly addNameRange   [ '1.5.1',
88 silly addNameRange     '1.6.2',
88 silly addNameRange     '1.6.3',
88 silly addNameRange     '1.7.2',
88 silly addNameRange     '1.7.3',
88 silly addNameRange     '1.8.2',
88 silly addNameRange     '1.8.3',
88 silly addNameRange     '2.1.0-beta2',
88 silly addNameRange     '2.1.0-beta3',
88 silly addNameRange     '1.11.0-beta3',
88 silly addNameRange     '1.11.0-rc1',
88 silly addNameRange     '2.1.0-rc1',
88 silly addNameRange     '1.11.0',
88 silly addNameRange     '2.1.0',
88 silly addNameRange     '2.1.1-beta1',
88 silly addNameRange     '1.11.1-beta1',
88 silly addNameRange     '2.1.1-rc1',
88 silly addNameRange     '1.11.1-rc1',
88 silly addNameRange     '2.1.1-rc2',
88 silly addNameRange     '1.11.1-rc2',
88 silly addNameRange     '2.1.1',
88 silly addNameRange     '1.11.1',
88 silly addNameRange     '1.9.1',
88 silly addNameRange     '2.1.2',
88 silly addNameRange     '1.11.2',
88 silly addNameRange     '2.1.3',
88 silly addNameRange     '2.1.4',
88 silly addNameRange     '1.11.3',
88 silly addNameRange     '3.0.0-alpha1',
88 silly addNameRange     '1.12.0',
88 silly addNameRange     '2.2.0',
88 silly addNameRange     '3.0.0-beta1',
88 silly addNameRange     '1.12.1',
88 silly addNameRange     '2.2.1',
88 silly addNameRange     '1.12.2',
88 silly addNameRange     '2.2.2',
88 silly addNameRange     '1.12.3',
88 silly addNameRange     '2.2.3' ] ]
89 silly addNamed jquery@1.12.3
90 verbose addNamed "1.12.3" is a plain semver version for jquery
91 silly cache afterAdd jquery@1.12.3
92 verbose afterAdd /Users/lerin/.npm/jquery/1.12.3/package/package.json not in flight; writing
93 verbose correctMkdir /Users/lerin/.npm correctMkdir not in flight; initializing
94 silly cache afterAdd bootstrap@3.3.6
95 verbose afterAdd /Users/lerin/.npm/bootstrap/3.3.6/package/package.json not in flight; writing
96 verbose correctMkdir /Users/lerin/.npm correctMkdir not in flight; initializing
97 verbose afterAdd /Users/lerin/.npm/bootstrap/3.3.6/package/package.json written
98 verbose afterAdd /Users/lerin/.npm/jquery/1.12.3/package/package.json written
99 http 404 https://registry.npmjs.org/dirPagination
100 verbose headers { 'content-type': 'application/json',
100 verbose headers   'cache-control': 'max-age=0',
100 verbose headers   'content-length': '2',
100 verbose headers   'accept-ranges': 'bytes',
100 verbose headers   date: 'Mon, 09 May 2016 08:38:11 GMT',
100 verbose headers   via: '1.1 varnish',
100 verbose headers   age: '0',
100 verbose headers   connection: 'keep-alive',
100 verbose headers   'x-served-by': 'cache-ams4127-AMS',
100 verbose headers   'x-cache': 'MISS',
100 verbose headers   'x-cache-hits': '0',
100 verbose headers   'x-timer': 'S1462783091.281164,VS0,VE186',
100 verbose headers   vary: 'Accept-Encoding' }
101 silly get cb [ 404,
101 silly get   { 'content-type': 'application/json',
101 silly get     'cache-control': 'max-age=0',
101 silly get     'content-length': '2',
101 silly get     'accept-ranges': 'bytes',
101 silly get     date: 'Mon, 09 May 2016 08:38:11 GMT',
101 silly get     via: '1.1 varnish',
101 silly get     age: '0',
101 silly get     connection: 'keep-alive',
101 silly get     'x-served-by': 'cache-ams4127-AMS',
101 silly get     'x-cache': 'MISS',
101 silly get     'x-cache-hits': '0',
101 silly get     'x-timer': 'S1462783091.281164,VS0,VE186',
101 silly get     vary: 'Accept-Encoding' } ]
102 verbose stack Error: Registry returned 404 for GET on https://registry.npmjs.org/dirPagination
102 verbose stack     at makeError (/usr/local/lib/node_modules/npm/node_modules/npm-registry-client/lib/request.js:264:12)
102 verbose stack     at CachingRegistryClient.<anonymous> (/usr/local/lib/node_modules/npm/node_modules/npm-registry-client/lib/request.js:242:14)
102 verbose stack     at Request._callback (/usr/local/lib/node_modules/npm/node_modules/npm-registry-client/lib/request.js:172:14)
102 verbose stack     at Request.self.callback (/usr/local/lib/node_modules/npm/node_modules/request/request.js:199:22)
102 verbose stack     at emitTwo (events.js:87:13)
102 verbose stack     at Request.emit (events.js:172:7)
102 verbose stack     at Request.<anonymous> (/usr/local/lib/node_modules/npm/node_modules/request/request.js:1036:10)
102 verbose stack     at emitOne (events.js:82:20)
102 verbose stack     at Request.emit (events.js:169:7)
102 verbose stack     at IncomingMessage.<anonymous> (/usr/local/lib/node_modules/npm/node_modules/request/request.js:963:12)
103 verbose statusCode 404
104 verbose pkgid dirPagination
105 verbose cwd /Users/lerin/Documents/Edicom/Edi/ejemMYSQL
106 error Darwin 15.4.0
107 error argv "/usr/local/bin/node" "/usr/local/bin/npm" "install"
108 error node v4.4.3
109 error npm  v2.15.1
110 error code E404
111 error 404 Registry returned 404 for GET on https://registry.npmjs.org/dirPagination
111 error 404
111 error 404 'dirPagination' is not in the npm registry.
111 error 404 Your package name is not valid, because
111 error 404
111 error 404  1. name can no longer contain capital letters
111 error 404 It was specified as a dependency of 'hala-app'
111 error 404
111 error 404 Note that you can also install from a
111 error 404 tarball, folder, http url, or git url.
112 verbose exit [ 1, true ]
